This is pdfTeX, Version 3.141592-1.40.3 (Web2C 7.5.6) (format=pdflatex 2008.1.5)  12 OCT 2012 13:43
entering extended mode
**rnaseq_paper
(./rnaseq_paper.tex
LaTeX2e <2005/12/01>
Babel <v3.8h> and hyphenation patterns for english, usenglishmax, dumylang, noh
yphenation, arabic, basque, bulgarian, coptic, welsh, czech, slovak, german, ng
erman, danish, esperanto, spanish, catalan, galician, estonian, farsi, finnish,
 french, greek, monogreek, ancientgreek, croatian, hungarian, interlingua, ibyc
us, indonesian, icelandic, italian, latin, mongolian, dutch, norsk, polish, por
tuguese, pinyin, romanian, russian, slovenian, uppersorbian, serbian, swedish, 
turkish, ukenglish, ukrainian, loaded.
(/usr/local/gwTeX/texmf.texlive/tex/latex/base/article.cls
Document Class: article 2005/09/16 v1.4f Standard LaTeX document class
(/usr/local/gwTeX/texmf.texlive/tex/latex/base/size10.clo
File: size10.clo 2005/09/16 v1.4f Standard LaTeX file (size option)
)
\c@part=\count79
\c@section=\count80
\c@subsection=\count81
\c@subsubsection=\count82
\c@paragraph=\count83
\c@subparagraph=\count84
\c@figure=\count85
\c@table=\count86
\abovecaptionskip=\skip41
\belowcaptionskip=\skip42
\bibindent=\dimen102
)
(/usr/local/gwTeX/texmf.texlive/tex/latex/amsmath/amsmath.sty
Package: amsmath 2000/07/18 v2.13 AMS math features
\@mathmargin=\skip43

For additional information on amsmath, use the `?' option.
(/usr/local/gwTeX/texmf.texlive/tex/latex/amsmath/amstext.sty
Package: amstext 2000/06/29 v2.01

(/usr/local/gwTeX/texmf.texlive/tex/latex/amsmath/amsgen.sty
File: amsgen.sty 1999/11/30 v2.0
\@emptytoks=\toks14
\ex@=\dimen103
))
(/usr/local/gwTeX/texmf.texlive/tex/latex/amsmath/amsbsy.sty
Package: amsbsy 1999/11/29 v1.2d
\pmbraise@=\dimen104
)
(/usr/local/gwTeX/texmf.texlive/tex/latex/amsmath/amsopn.sty
Package: amsopn 1999/12/14 v2.01 operator names
)
\inf@bad=\count87
LaTeX Info: Redefining \frac on input line 211.
\uproot@=\count88
\leftroot@=\count89
LaTeX Info: Redefining \overline on input line 307.
\classnum@=\count90
\DOTSCASE@=\count91
LaTeX Info: Redefining \ldots on input line 379.
LaTeX Info: Redefining \dots on input line 382.
LaTeX Info: Redefining \cdots on input line 467.
\Mathstrutbox@=\box26
\strutbox@=\box27
\big@size=\dimen105
LaTeX Font Info:    Redeclaring font encoding OML on input line 567.
LaTeX Font Info:    Redeclaring font encoding OMS on input line 568.
\macc@depth=\count92
\c@MaxMatrixCols=\count93
\dotsspace@=\muskip10
\c@parentequation=\count94
\dspbrk@lvl=\count95
\tag@help=\toks15
\row@=\count96
\column@=\count97
\maxfields@=\count98
\andhelp@=\toks16
\eqnshift@=\dimen106
\alignsep@=\dimen107
\tagshift@=\dimen108
\tagwidth@=\dimen109
\totwidth@=\dimen110
\lineht@=\dimen111
\@envbody=\toks17
\multlinegap=\skip44
\multlinetaggap=\skip45
\mathdisplay@stack=\toks18
LaTeX Info: Redefining \[ on input line 2666.
LaTeX Info: Redefining \] on input line 2667.
)
(/usr/local/gwTeX/texmf.texlive/tex/latex/amsfonts/amssymb.sty
Package: amssymb 2002/01/22 v2.2d

(/usr/local/gwTeX/texmf.texlive/tex/latex/amsfonts/amsfonts.sty
Package: amsfonts 2001/10/25 v2.2f
\symAMSa=\mathgroup4
\symAMSb=\mathgroup5
LaTeX Font Info:    Overwriting math alphabet `\mathfrak' in version `bold'
(Font)                  U/euf/m/n --> U/euf/b/n on input line 132.
))
(/usr/local/gwTeX/texmf.texlive/tex/latex/graphics/graphicx.sty
Package: graphicx 1999/02/16 v1.0f Enhanced LaTeX Graphics (DPC,SPQR)

(/usr/local/gwTeX/texmf.texlive/tex/latex/graphics/keyval.sty
Package: keyval 1999/03/16 v1.13 key=value parser (DPC)
\KV@toks@=\toks19
)
(/usr/local/gwTeX/texmf.texlive/tex/latex/graphics/graphics.sty
Package: graphics 2006/02/20 v1.0o Standard LaTeX Graphics (DPC,SPQR)

(/usr/local/gwTeX/texmf.texlive/tex/latex/graphics/trig.sty
Package: trig 1999/03/16 v1.09 sin cos tan (DPC)
)
(/usr/local/gwTeX/texmf.texlive/tex/latex/config/graphics.cfg
File: graphics.cfg 2007/01/18 v1.5 graphics configuration of teTeX/TeXLive
)
Package graphics Info: Driver file: pdftex.def on input line 90.

(/usr/local/gwTeX/texmf.texlive/tex/latex/pdftex-def/pdftex.def
File: pdftex.def 2007/01/08 v0.04d Graphics/color for pdfTeX
\Gread@gobject=\count99
))
\Gin@req@height=\dimen112
\Gin@req@width=\dimen113
)
(/usr/local/gwTeX/texmf.texlive/tex/latex/cite/cite.sty
LaTeX Info: Redefining \cite on input line 149.
LaTeX Info: Redefining \nocite on input line 214.
Package: cite 2003/11/04  v 4.01
)
(/usr/local/gwTeX/texmf.texlive/tex/latex/graphics/color.sty
Package: color 2005/11/14 v1.0j Standard LaTeX Color (DPC)

(/usr/local/gwTeX/texmf.texlive/tex/latex/config/color.cfg
File: color.cfg 2007/01/18 v1.5 color configuration of teTeX/TeXLive
)
Package color Info: Driver file: pdftex.def on input line 130.
)
(/usr/local/gwTeX/texmf.texlive/tex/latex/setspace/setspace.sty
Package: setspace 2000/12/01 6.7 Contributed and Supported LaTeX2e package

Package: `setspace' 6.7 <2000/12/01>
) (/usr/local/gwTeX/texmf.texlive/tex/latex/multirow/multirow.sty
\bigstrutjot=\dimen114
)
(/usr/local/gwTeX/texmf.texlive/tex/latex/caption/caption.sty
Package: caption 2007/03/04 v3.0m Customising captions (AR)

(/usr/local/gwTeX/texmf.texlive/tex/latex/caption/caption3.sty
Package: caption3 2007/03/04 v3.0m caption3 kernel (AR)
\caption@keydepth=\count100
\captionmargin=\dimen115
\captionmarginx=\dimen116
\captionwidth=\dimen117
\captionindent=\dimen118
\captionparindent=\dimen119
\captionhangindent=\dimen120
))
(./rnaseq_paper.aux)
\openout1 = `rnaseq_paper.aux'.

LaTeX Font Info:    Checking defaults for OML/cmm/m/it on input line 65.
LaTeX Font Info:    ... okay on input line 65.
LaTeX Font Info:    Checking defaults for T1/cmr/m/n on input line 65.
LaTeX Font Info:    ... okay on input line 65.
LaTeX Font Info:    Checking defaults for OT1/cmr/m/n on input line 65.
LaTeX Font Info:    ... okay on input line 65.
LaTeX Font Info:    Checking defaults for OMS/cmsy/m/n on input line 65.
LaTeX Font Info:    ... okay on input line 65.
LaTeX Font Info:    Checking defaults for OMX/cmex/m/n on input line 65.
LaTeX Font Info:    ... okay on input line 65.
LaTeX Font Info:    Checking defaults for U/cmr/m/n on input line 65.
LaTeX Font Info:    ... okay on input line 65.

(/usr/local/gwTeX/texmf.texlive/tex/context/base/supp-pdf.tex
[Loading MPS to PDF converter (version 2006.09.02).]
\scratchcounter=\count101
\scratchdimen=\dimen121
\scratchbox=\box28
\nofMPsegments=\count102
\nofMParguments=\count103
\MPscratchCnt=\count104
\MPscratchDim=\dimen122
\MPnumerator=\count105
\everyMPtoPDFconversion=\toks20
) (/usr/local/gwTeX/texmf.texlive/tex/latex/ragged2e/ragged2e.sty
Package: ragged2e 2003/03/25 v2.04 ragged2e Package (MS)

(/usr/local/gwTeX/texmf.texlive/tex/latex/everysel/everysel.sty
Package: everysel 1999/06/08 v1.03 EverySelectfont Package (MS)
LaTeX Info: Redefining \selectfont on input line 125.
)
\CenteringLeftskip=\skip46
\RaggedLeftLeftskip=\skip47
\RaggedRightLeftskip=\skip48
\CenteringRightskip=\skip49
\RaggedLeftRightskip=\skip50
\RaggedRightRightskip=\skip51
\CenteringParfillskip=\skip52
\RaggedLeftParfillskip=\skip53
\RaggedRightParfillskip=\skip54
\JustifyingParfillskip=\skip55
\CenteringParindent=\skip56
\RaggedLeftParindent=\skip57
\RaggedRightParindent=\skip58
\JustifyingParindent=\skip59
)
LaTeX Font Info:    Try loading font information for U+msa on input line 74.

(/usr/local/gwTeX/texmf.texlive/tex/latex/amsfonts/umsa.fd
File: umsa.fd 2002/01/19 v2.2g AMS font definitions
)
LaTeX Font Info:    Try loading font information for U+msb on input line 74.

(/usr/local/gwTeX/texmf.texlive/tex/latex/amsfonts/umsb.fd
File: umsb.fd 2002/01/19 v2.2g AMS font definitions
) [1{/usr/local/gwTeX/texmf.local/fonts/map/pdftex/updmap/pdftex.map}

] [2] [3] [4] [5] [6] [7]
[8] [9] [10] (./rnaseq_paper.bbl [11] [12])

pdfTeX warning: pdflatex (file ./overall_pipeline.pdf): PDF inclusion: found PD
F version <1.5>, but at most version <1.4> allowed
<overall_pipeline.pdf, id=49, 521.95pt x 481.8pt>
File: overall_pipeline.pdf Graphic file (type pdf)
 <use overall_pipeline.pdf>

pdfTeX warning: pdflatex (file ./local_assembly.pdf): PDF inclusion: found PDF 
version <1.5>, but at most version <1.4> allowed
<local_assembly.pdf, id=50, 521.95pt x 321.2pt>
File: local_assembly.pdf Graphic file (type pdf)
 <use local_assembly.pdf>

pdfTeX warning: pdflatex (file ./algorithm.pdf): PDF inclusion: found PDF versi
on <1.5>, but at most version <1.4> allowed
<algorithm.pdf, id=51, 642.4pt x 401.5pt>
File: algorithm.pdf Graphic file (type pdf)
 <use algorithm.pdf>

pdfTeX warning: pdflatex (file ./kmers-variance.pdf): PDF inclusion: found PDF 
version <1.5>, but at most version <1.4> allowed
<kmers-variance.pdf, id=52, 542.025pt x 331.2375pt>
File: kmers-variance.pdf Graphic file (type pdf)
 <use kmers-variance.pdf>

pdfTeX warning: pdflatex (file ./global_vs_local.pdf): PDF inclusion: found PDF
 version <1.5>, but at most version <1.4> allowed
<global_vs_local.pdf, id=53, 542.025pt x 332.24126pt>
File: global_vs_local.pdf Graphic file (type pdf)

<use global_vs_local.pdf>
<isoforms_boxplot.pdf, id=54, 587.19376pt x 442.65375pt>
File: isoforms_boxplot.pdf Graphic file (type pdf)

<use isoforms_boxplot.pdf>
<fragmented_transcripts.pdf, id=55, 542.025pt x 202.7575pt>
File: fragmented_transcripts.pdf Graphic file (type pdf)

<use fragmented_transcripts.pdf>
<model_comparisons.pdf, id=56, 542.025pt x 433.62pt>
File: model_comparisons.pdf Graphic file (type pdf)

<use model_comparisons.pdf> <long_utr.pdf, id=57, 542.025pt x 87.32625pt>
File: long_utr.pdf Graphic file (type pdf)

<use long_utr.pdf> <bitscore.pdf, id=58, 433.62pt x 289.08pt>
File: bitscore.pdf Graphic file (type pdf)

<use bitscore.pdf> <cdf_single_splice.pdf, id=59, 433.62pt x 289.08pt>
File: cdf_single_splice.pdf Graphic file (type pdf)

<use cdf_single_splice.pdf> <asm-cufflinks.pdf, id=60, 542.025pt x 202.7575pt>
File: asm-cufflinks.pdf Graphic file (type pdf)

<use asm-cufflinks.pdf>

pdfTeX warning: pdflatex (file ./alt_splice_site.pdf): PDF inclusion: found PDF
 version <1.5>, but at most version <1.4> allowed
<alt_splice_site.pdf, id=61, 542.025pt x 533.995pt>
File: alt_splice_site.pdf Graphic file (type pdf)
 <use alt_splice_site.pdf>
[13] [14] [15 <./overall_pipeline.pdf

pdfTeX warning: pdflatex (file ./overall_pipeline.pdf): PDF inclusion: Page Gro
up detected which pdfTeX can't handle. Ignoring it.
>] [16 <./local_assembly.pdf

pdfTeX warning: pdflatex (file ./local_assembly.pdf): PDF inclusion: Page Group
 detected which pdfTeX can't handle. Ignoring it.
> <./algorithm.pdf

pdfTeX warning: pdflatex (file ./algorithm.pdf): PDF inclusion: Page Group dete
cted which pdfTeX can't handle. Ignoring it.
>] [17 <./kmers-variance.pdf

pdfTeX warning: pdflatex (file ./kmers-variance.pdf): PDF inclusion: Page Group
 detected which pdfTeX can't handle. Ignoring it.
> <./global_vs_local.pdf

pdfTeX warning: pdflatex (file ./global_vs_local.pdf): PDF inclusion: Page Grou
p detected which pdfTeX can't handle. Ignoring it.
>] [18 <./isoforms_boxplot.pdf> <./fragmented_transcripts.pdf>] [19 <./model_co
mparisons.pdf> <./long_utr.pdf>] [20 <./bitscore.pdf> <./cdf_single_splice.pdf>
] [21 <./asm-cufflinks.pdf>] [22 <./alt_splice_site.pdf

pdfTeX warning: pdflatex (file ./alt_splice_site.pdf): PDF inclusion: Page Grou
p detected which pdfTeX can't handle. Ignoring it.
>] (./rnaseq_paper.aux) ) 
Here is how much of TeX's memory you used:
 2542 strings out of 94073
 35065 string characters out of 1163506
 2081311 words of memory out of 4532507
 5781 multiletter control sequences out of 10000+50000
 7724 words of font info for 30 fonts, out of 2000000 for 2000
 645 hyphenation exceptions out of 5000
 35i,9n,40p,409b,264s stack positions out of 5000i,500n,6000p,200000b,50000s
</usr/local/gwTeX/texmf.texlive/fonts/type1/bluesky/cm
/cmbx10.pfb></usr/local/gwTeX/texmf.texlive/fonts/type1/bluesky/cm/cmbx12.pfb><
/usr/local/gwTeX/texmf.texlive/fonts/type1/bluesky/cm/cmmi10.pfb></usr/local/gw
TeX/texmf.texlive/fonts/type1/bluesky/cm/cmmi7.pfb></usr/local/gwTeX/texmf.texl
ive/fonts/type1/bluesky/cm/cmr10.pfb></usr/local/gwTeX/texmf.texlive/fonts/type
1/bluesky/cm/cmr7.pfb></usr/local/gwTeX/texmf.texlive/fonts/type1/bluesky/cm/cm
sy10.pfb></usr/local/gwTeX/texmf.texlive/fonts/type1/bluesky/cm/cmsy7.pfb></usr
/local/gwTeX/texmf.texlive/fonts/type1/bluesky/cm/cmti10.pfb></usr/local/gwTeX/
texmf.texlive/fonts/type1/bluesky/cm/cmtt10.pfb>
Output written on rnaseq_paper.pdf (22 pages, 590324 bytes).
PDF statistics:
 1441 PDF objects out of 1728 (max. 8388607)
 0 named destinations out of 1000 (max. 131072)
 66 words of extra memory for PDF output out of 10000 (max. 10000000)

